This file contains any messages produced by compilers while
running configure, to aid debugging if configure makes a mistake.

It was created by crass configure 0.1.2, which was
generated by GNU Autoconf 2.61.  Invocation command line was

  $ ./configure --enable-debug

## --------- ##
## Platform. ##
## --------- ##

hostname = uqcskenn.local
uname -m = x86_64
uname -r = 11.2.0
uname -s = Darwin
uname -v = Darwin Kernel Version 11.2.0: Tue Aug  9 20:54:00 PDT 2011; root:xnu-1699.24.8~1/RELEASE_X86_64

/usr/bin/uname -p = i386
/bin/uname -X     = unknown

/bin/arch              = unknown
/usr/bin/arch -k       = unknown
/usr/convex/getsysinfo = unknown
/usr/bin/hostinfo      = Mach kernel version:
	 Darwin Kernel Version 11.2.0: Tue Aug  9 20:54:00 PDT 2011; root:xnu-1699.24.8~1/RELEASE_X86_64
Kernel configured for up to 2 processors.
2 processors are physically available.
2 processors are logically available.
Processor type: i486 (Intel 80486)
Processors active: 0 1
Primary memory available: 4.00 gigabytes
Default processor set: 87 tasks, 395 threads, 2 processors
Load average: 3.48, Mach factor: 0.29
/bin/machine           = unknown
/usr/bin/oslevel       = unknown
/bin/universe          = unknown

PATH: /Users/uqcskenn/scripts/scriptShed/
PATH: /Users/uqcskenn/scripts/mikezbioscripts/fastXMike
PATH: /scripts/mikezbioscripts/map_plot_pipe
PATH: /scripts/mikezbioscripts/meta_barcode
PATH: /Users/uqcskenn/scripts/
PATH: /Users/uqcskenn/scripts/mikezbioscripts
PATH: /Users/uqcskenn/Documents/Projects/keggVIZ
PATH: /Users/uqcskenn/scripts/mannotator
PATH: /usr/bin
PATH: /bin
PATH: /usr/sbin
PATH: /sbin
PATH: /usr/local/bin
PATH: /usr/X11/bin
PATH: /usr/texbin


## ----------- ##
## Core tests. ##
## ----------- ##

configure:1839: checking for a BSD-compatible install
configure:1895: result: /usr/bin/install -c
configure:1906: checking whether build environment is sane
configure:1949: result: yes
configure:1977: checking for a thread-safe mkdir -p
configure:2016: result: ./install-sh -c -d
configure:2029: checking for gawk
configure:2059: result: no
configure:2029: checking for mawk
configure:2059: result: no
configure:2029: checking for nawk
configure:2059: result: no
configure:2029: checking for awk
configure:2045: found /usr/bin/awk
configure:2056: result: awk
configure:2067: checking whether make sets $(MAKE)
configure:2088: result: yes
configure:2560: checking for g++
configure:2576: found /usr/bin/g++
configure:2587: result: g++
configure:2618: checking for C++ compiler version
configure:2625: g++ --version >&5
i686-apple-darwin11-g++-4.2.1 (GCC) 4.2.1 (Apple Inc. build 5666) (dot 3)
Copyright (C) 2007 Free Software Foundation, Inc.
This is free software; see the source for copying conditions.  There is NO
warranty; not even for MERCHANTABILITY or FITNESS FOR A PARTICULAR PURPOSE.

configure:2628: $? = 0
configure:2635: g++ -v >&5
Using built-in specs.
Target: i686-apple-darwin11
Configured with: /private/var/tmp/gcc/gcc-5666.3~278/src/configure --disable-checking --enable-werror --prefix=/usr --mandir=/share/man --enable-languages=c,objc,c++,obj-c++ --program-transform-name=/^[cg][^.-]*$/s/$/-4.2/ --with-slibdir=/usr/lib --build=i686-apple-darwin11 --program-prefix=i686-apple-darwin11- --host=x86_64-apple-darwin11 --target=i686-apple-darwin11 --with-gxx-include-dir=/include/c++/4.2.1
Thread model: posix
gcc version 4.2.1 (Apple Inc. build 5666) (dot 3)
configure:2638: $? = 0
configure:2645: g++ -V >&5
g++-4.2: argument to `-V' is missing
configure:2648: $? = 1
configure:2671: checking for C++ compiler default output file name
configure:2698: g++    conftest.cpp  >&5
configure:2701: $? = 0
configure:2739: result: a.out
configure:2756: checking whether the C++ compiler works
configure:2766: ./a.out
configure:2769: $? = 0
configure:2786: result: yes
configure:2793: checking whether we are cross compiling
configure:2795: result: no
configure:2798: checking for suffix of executables
configure:2805: g++ -o conftest    conftest.cpp  >&5
configure:2808: $? = 0
configure:2832: result: 
configure:2838: checking for suffix of object files
configure:2864: g++ -c   conftest.cpp >&5
configure:2867: $? = 0
configure:2890: result: o
configure:2894: checking whether we are using the GNU C++ compiler
configure:2923: g++ -c   conftest.cpp >&5
configure:2929: $? = 0
configure:2946: result: yes
configure:2951: checking whether g++ accepts -g
configure:2981: g++ -c -g  conftest.cpp >&5
configure:2987: $? = 0
configure:3086: result: yes
configure:3120: checking for style of include used by make
configure:3148: result: GNU
configure:3173: checking dependency style of g++
configure:3264: result: gcc3
configure:3327: checking for gcc
configure:3343: found /usr/bin/gcc
configure:3354: result: gcc
configure:3592: checking for C compiler version
configure:3599: gcc --version >&5
i686-apple-darwin11-gcc-4.2.1 (GCC) 4.2.1 (Apple Inc. build 5666) (dot 3)
Copyright (C) 2007 Free Software Foundation, Inc.
This is free software; see the source for copying conditions.  There is NO
warranty; not even for MERCHANTABILITY or FITNESS FOR A PARTICULAR PURPOSE.

configure:3602: $? = 0
configure:3609: gcc -v >&5
Using built-in specs.
Target: i686-apple-darwin11
Configured with: /private/var/tmp/gcc/gcc-5666.3~278/src/configure --disable-checking --enable-werror --prefix=/usr --mandir=/share/man --enable-languages=c,objc,c++,obj-c++ --program-transform-name=/^[cg][^.-]*$/s/$/-4.2/ --with-slibdir=/usr/lib --build=i686-apple-darwin11 --program-prefix=i686-apple-darwin11- --host=x86_64-apple-darwin11 --target=i686-apple-darwin11 --with-gxx-include-dir=/include/c++/4.2.1
Thread model: posix
gcc version 4.2.1 (Apple Inc. build 5666) (dot 3)
configure:3612: $? = 0
configure:3619: gcc -V >&5
gcc-4.2: argument to `-V' is missing
configure:3622: $? = 1
configure:3625: checking whether we are using the GNU C compiler
configure:3654: gcc -c   conftest.c >&5
configure:3660: $? = 0
configure:3677: result: yes
configure:3682: checking whether gcc accepts -g
configure:3712: gcc -c -g  conftest.c >&5
configure:3718: $? = 0
configure:3817: result: yes
configure:3834: checking for gcc option to accept ISO C89
configure:3908: gcc  -c   conftest.c >&5
configure:3914: $? = 0
configure:3937: result: none needed
configure:3957: checking dependency style of gcc
configure:4048: result: gcc3
configure:4070: checking build system type
configure:4088: result: i386-apple-darwin11.2.0
configure:4110: checking host system type
configure:4125: result: i386-apple-darwin11.2.0
configure:4293: checking whether pthreads work with -pthread
configure:4391: gcc -o conftest  -pthread   conftest.c   >&5
configure:4397: $? = 0
configure:4417: result: yes
configure:4436: checking for joinable pthread attribute
configure:4461: gcc -o conftest  -pthread   conftest.c   >&5
configure:4467: $? = 0
configure:4484: result: PTHREAD_CREATE_JOINABLE
configure:4494: checking if more special flags are required for pthreads
configure:4501: result: -D_THREAD_SAFE
configure:4507: checking for PTHREAD_PRIO_INHERIT
configure:4535: gcc -o conftest  -pthread   conftest.c   >&5
configure:4541: $? = 0
configure:4559: result: yes
configure:4739: checking for Xerces C++ Parser headers in /usr/local/include and /usr/local/include/xercesc
configure:4774: g++ -c   -I/usr/local/include -I/usr/local/include/xercesc conftest.cpp >&5
configure:4780: $? = 0
configure:4788: result: found
configure:4813: checking for Xerces C++ Parser libraries
configure:4853: g++ -o conftest   -I/usr/local/include -I/usr/local/include/xercesc  -L/usr/local/lib  conftest.cpp -lxerces-c   >&5
configure:4859: $? = 0
configure:4869: result: found
configure:4899: checking for Xerces C++ Parser
configure:4914: result: yes
configure:5010: checking for velvetg
configure:5026: found /usr/local/bin/velvetg
configure:5037: result: velvetg
configure:5076: checking for gzread in -lz
configure:5111: gcc -o conftest    conftest.c -lz   >&5
configure:5117: $? = 0
configure:5135: result: yes
configure:5156: checking how to run the C preprocessor
configure:5196: gcc -E  conftest.c
configure:5202: $? = 0
configure:5233: gcc -E  conftest.c
conftest.c:19:28: error: ac_nonexistent.h: No such file or directory
configure:5239: $? = 1
configure: failed program was:
| /* confdefs.h.  */
| #define PACKAGE_NAME "crass"
| #define PACKAGE_TARNAME "crass"
| #define PACKAGE_VERSION "0.1.2"
| #define PACKAGE_STRING "crass 0.1.2"
| #define PACKAGE_BUGREPORT "c.skennerton@gmail.com"
| #define PACKAGE "crass"
| #define VERSION "0.1.2"
| #define PACKAGE_FULL_NAME "CRisprASSembler"
| #define PACKAGE_MAJOR_VERSION 0
| #define PACKAGE_MINOR_VERSION 1
| #define PACKAGE_REVISION 2
| #define DEBUG 1
| #define HAVE_PTHREAD_PRIO_INHERIT 1
| #define HAVE_PTHREAD 1
| #define PERFORM_CRASS_ASSEMBLY 1
| #define HAVE_LIBZ 1
| /* end confdefs.h.  */
| #include <ac_nonexistent.h>
configure:5272: result: gcc -E
configure:5301: gcc -E  conftest.c
configure:5307: $? = 0
configure:5338: gcc -E  conftest.c
conftest.c:19:28: error: ac_nonexistent.h: No such file or directory
configure:5344: $? = 1
configure: failed program was:
| /* confdefs.h.  */
| #define PACKAGE_NAME "crass"
| #define PACKAGE_TARNAME "crass"
| #define PACKAGE_VERSION "0.1.2"
| #define PACKAGE_STRING "crass 0.1.2"
| #define PACKAGE_BUGREPORT "c.skennerton@gmail.com"
| #define PACKAGE "crass"
| #define VERSION "0.1.2"
| #define PACKAGE_FULL_NAME "CRisprASSembler"
| #define PACKAGE_MAJOR_VERSION 0
| #define PACKAGE_MINOR_VERSION 1
| #define PACKAGE_REVISION 2
| #define DEBUG 1
| #define HAVE_PTHREAD_PRIO_INHERIT 1
| #define HAVE_PTHREAD 1
| #define PERFORM_CRASS_ASSEMBLY 1
| #define HAVE_LIBZ 1
| /* end confdefs.h.  */
| #include <ac_nonexistent.h>
configure:5382: checking for grep that handles long lines and -e
configure:5456: result: /usr/bin/grep
configure:5461: checking for egrep
configure:5539: result: /usr/bin/grep -E
configure:5544: checking for ANSI C header files
configure:5574: gcc -c   conftest.c >&5
configure:5580: $? = 0
configure:5679: gcc -o conftest    conftest.c -lz  >&5
configure:5682: $? = 0
configure:5688: ./conftest
configure:5691: $? = 0
configure:5708: result: yes
configure:5732: checking for sys/types.h
configure:5753: gcc -c   conftest.c >&5
configure:5759: $? = 0
configure:5775: result: yes
configure:5732: checking for sys/stat.h
configure:5753: gcc -c   conftest.c >&5
configure:5759: $? = 0
configure:5775: result: yes
configure:5732: checking for stdlib.h
configure:5753: gcc -c   conftest.c >&5
configure:5759: $? = 0
configure:5775: result: yes
configure:5732: checking for string.h
configure:5753: gcc -c   conftest.c >&5
configure:5759: $? = 0
configure:5775: result: yes
configure:5732: checking for memory.h
configure:5753: gcc -c   conftest.c >&5
configure:5759: $? = 0
configure:5775: result: yes
configure:5732: checking for strings.h
configure:5753: gcc -c   conftest.c >&5
configure:5759: $? = 0
configure:5775: result: yes
configure:5732: checking for inttypes.h
configure:5753: gcc -c   conftest.c >&5
configure:5759: $? = 0
configure:5775: result: yes
configure:5732: checking for stdint.h
configure:5753: gcc -c   conftest.c >&5
configure:5759: $? = 0
configure:5775: result: yes
configure:5732: checking for unistd.h
configure:5753: gcc -c   conftest.c >&5
configure:5759: $? = 0
configure:5775: result: yes
configure:5807: checking fcntl.h usability
configure:5824: gcc -c   conftest.c >&5
configure:5830: $? = 0
configure:5844: result: yes
configure:5848: checking fcntl.h presence
configure:5863: gcc -E  conftest.c
configure:5869: $? = 0
configure:5883: result: yes
configure:5916: checking for fcntl.h
configure:5924: result: yes
configure:5807: checking limits.h usability
configure:5824: gcc -c   conftest.c >&5
configure:5830: $? = 0
configure:5844: result: yes
configure:5848: checking limits.h presence
configure:5863: gcc -E  conftest.c
configure:5869: $? = 0
configure:5883: result: yes
configure:5916: checking for limits.h
configure:5924: result: yes
configure:5797: checking for stdlib.h
configure:5803: result: yes
configure:5797: checking for string.h
configure:5803: result: yes
configure:5797: checking for unistd.h
configure:5803: result: yes
configure:5807: checking getopt.h usability
configure:5824: gcc -c   conftest.c >&5
configure:5830: $? = 0
configure:5844: result: yes
configure:5848: checking getopt.h presence
configure:5863: gcc -E  conftest.c
configure:5869: $? = 0
configure:5883: result: yes
configure:5916: checking for getopt.h
configure:5924: result: yes
configure:5939: checking for stdbool.h that conforms to C99
configure:6032: gcc -c   conftest.c >&5
configure:6038: $? = 0
configure:6053: result: yes
configure:6055: checking for _Bool
configure:6085: gcc -c   conftest.c >&5
configure:6091: $? = 0
configure:6106: result: yes
configure:6125: checking for an ANSI C-conforming const
configure:6200: gcc -c   conftest.c >&5
configure:6206: $? = 0
configure:6221: result: yes
configure:6231: checking for inline
configure:6257: gcc -c   conftest.c >&5
configure:6263: $? = 0
configure:6281: result: inline
configure:6300: checking for size_t
configure:6330: gcc -c   conftest.c >&5
configure:6336: $? = 0
configure:6351: result: yes
configure:6370: checking for stdlib.h
configure:6376: result: yes
configure:6510: checking for GNU libc compatible malloc
configure:6544: gcc -o conftest    conftest.c -lz  >&5
configure:6547: $? = 0
configure:6553: ./conftest
configure:6556: $? = 0
configure:6572: result: yes
configure:6605: checking for stdlib.h
configure:6611: result: yes
configure:6745: checking for GNU libc compatible realloc
configure:6779: gcc -o conftest    conftest.c -lz  >&5
configure:6782: $? = 0
configure:6788: ./conftest
configure:6791: $? = 0
configure:6807: result: yes
configure:6842: checking for memset
configure:6898: gcc -o conftest    conftest.c -lz  >&5
conftest.c:64: warning: conflicting types for built-in function 'memset'
configure:6904: $? = 0
configure:6922: result: yes
configure:6842: checking for pow
configure:6898: gcc -o conftest    conftest.c -lz  >&5
conftest.c:65: warning: conflicting types for built-in function 'pow'
configure:6904: $? = 0
configure:6922: result: yes
configure:6842: checking for strchr
configure:6898: gcc -o conftest    conftest.c -lz  >&5
conftest.c:66: warning: conflicting types for built-in function 'strchr'
configure:6904: $? = 0
configure:6922: result: yes
configure:6842: checking for strspn
configure:6898: gcc -o conftest    conftest.c -lz  >&5
conftest.c:67: warning: conflicting types for built-in function 'strspn'
configure:6904: $? = 0
configure:6922: result: yes
configure:7223: checking for cap3
configure:7239: found /usr/local/bin/cap3
configure:7251: result: yes
configure:7270: checking for velvetg
configure:7286: found /usr/local/bin/velvetg
configure:7298: result: yes
configure:7308: checking for velveth
configure:7324: found /usr/local/bin/velveth
configure:7336: result: yes
configure:7507: creating ./config.status

## ---------------------- ##
## Running config.status. ##
## ---------------------- ##

This file was extended by crass config.status 0.1.2, which was
generated by GNU Autoconf 2.61.  Invocation command line was

  CONFIG_FILES    = 
  CONFIG_HEADERS  = 
  CONFIG_LINKS    = 
  CONFIG_COMMANDS = 
  $ ./config.status 

on uqcskenn.local

config.status:681: creating Makefile
config.status:681: creating src/Makefile
config.status:681: creating man/Makefile
config.status:681: creating config.h
config.status:934: config.h is unchanged
config.status:980: executing depfiles commands

## ---------------- ##
## Cache variables. ##
## ---------------- ##

ac_cv_build=i386-apple-darwin11.2.0
ac_cv_c_compiler_gnu=yes
ac_cv_c_const=yes
ac_cv_c_inline=inline
ac_cv_cxx_compiler_gnu=yes
ac_cv_env_CCC_set=
ac_cv_env_CCC_value=
ac_cv_env_CC_set=
ac_cv_env_CC_value=
ac_cv_env_CFLAGS_set=
ac_cv_env_CFLAGS_value=
ac_cv_env_CPPFLAGS_set=
ac_cv_env_CPPFLAGS_value=
ac_cv_env_CPP_set=
ac_cv_env_CPP_value=
ac_cv_env_CXXFLAGS_set=
ac_cv_env_CXXFLAGS_value=
ac_cv_env_CXX_set=
ac_cv_env_CXX_value=
ac_cv_env_LDFLAGS_set=
ac_cv_env_LDFLAGS_value=
ac_cv_env_LIBS_set=
ac_cv_env_LIBS_value=
ac_cv_env_build_alias_set=
ac_cv_env_build_alias_value=
ac_cv_env_host_alias_set=
ac_cv_env_host_alias_value=
ac_cv_env_target_alias_set=
ac_cv_env_target_alias_value=
ac_cv_func_malloc_0_nonnull=yes
ac_cv_func_memset=yes
ac_cv_func_pow=yes
ac_cv_func_realloc_0_nonnull=yes
ac_cv_func_strchr=yes
ac_cv_func_strspn=yes
ac_cv_header_fcntl_h=yes
ac_cv_header_getopt_h=yes
ac_cv_header_inttypes_h=yes
ac_cv_header_limits_h=yes
ac_cv_header_memory_h=yes
ac_cv_header_stdbool_h=yes
ac_cv_header_stdc=yes
ac_cv_header_stdint_h=yes
ac_cv_header_stdlib_h=yes
ac_cv_header_string_h=yes
ac_cv_header_strings_h=yes
ac_cv_header_sys_stat_h=yes
ac_cv_header_sys_types_h=yes
ac_cv_header_unistd_h=yes
ac_cv_host=i386-apple-darwin11.2.0
ac_cv_lib_z_gzread=yes
ac_cv_objext=o
ac_cv_path_EGREP='/usr/bin/grep -E'
ac_cv_path_GREP=/usr/bin/grep
ac_cv_path_install='/usr/bin/install -c'
ac_cv_prog_ASSEMBLERS=velvetg
ac_cv_prog_AWK=awk
ac_cv_prog_CAP=yes
ac_cv_prog_CPP='gcc -E'
ac_cv_prog_VELVET_G=yes
ac_cv_prog_VELVET_H=yes
ac_cv_prog_ac_ct_CC=gcc
ac_cv_prog_ac_ct_CXX=g++
ac_cv_prog_cc_c89=
ac_cv_prog_cc_g=yes
ac_cv_prog_cxx_g=yes
ac_cv_prog_make_make_set=yes
ac_cv_type__Bool=yes
ac_cv_type_size_t=yes
am_cv_CC_dependencies_compiler_type=gcc3
am_cv_CXX_dependencies_compiler_type=gcc3
ax_cv_PTHREAD_PRIO_INHERIT=yes

## ----------------- ##
## Output variables. ##
## ----------------- ##

ACLOCAL='${SHELL} /Users/uqcskenn/Documents/Projects/crass/missing --run aclocal-1.10'
AMDEPBACKSLASH='\'
AMDEP_FALSE='#'
AMDEP_TRUE=''
AMTAR='${SHELL} /Users/uqcskenn/Documents/Projects/crass/missing --run tar'
ASSEMBLERS='velvetg'
ASSEMBLY_WRAPPER_FALSE='#'
ASSEMBLY_WRAPPER_TRUE=''
AUTOCONF='${SHELL} /Users/uqcskenn/Documents/Projects/crass/missing --run autoconf'
AUTOHEADER='${SHELL} /Users/uqcskenn/Documents/Projects/crass/missing --run autoheader'
AUTOMAKE='${SHELL} /Users/uqcskenn/Documents/Projects/crass/missing --run automake-1.10'
AWK='awk'
CAP='yes'
CC='gcc'
CCDEPMODE='depmode=gcc3'
CFLAGS=''
CIRCO=''
CPP='gcc -E'
CPPFLAGS=''
CXX='g++'
CXXDEPMODE='depmode=gcc3'
CXXFLAGS=''
CYGPATH_W='echo'
DEBUG_FALSE='#'
DEBUG_TRUE=''
DEFS='-DHAVE_CONFIG_H'
DEPDIR='.deps'
DOT=''
ECHO_C='ECHO_N=''
ECHO_T=''
EGREP='/usr/bin/grep -E'
EXEEXT=''
FDP=''
GREP='/usr/bin/grep'
GV_PROGS=''
INSTALL_DATA='${INSTALL} -m 644'
INSTALL_PROGRAM='${INSTALL}'
INSTALL_SCRIPT='${INSTALL}'
INSTALL_STRIP_PROGRAM='$(install_sh) -c -s'
LDFLAGS=''
LIBOBJS=''
LIBS='-lz '
LTLIBOBJS=''
MAKEINFO='${SHELL} /Users/uqcskenn/Documents/Projects/crass/missing --run makeinfo'
MEMCHECK_FALSE=''
MEMCHECK_TRUE='#'
NEATO=''
OBJEXT='o'
PACKAGE='crass'
PACKAGE_BUGREPORT='c.skennerton@gmail.com'
PACKAGE_NAME='crass'
PACKAGE_STRING='crass 0.1.2'
PACKAGE_TARNAME='crass'
PACKAGE_VERSION='0.1.2'
PATH_SEPARATOR=':'
PTHREAD_CC='gcc'
PTHREAD_CFLAGS='-D_THREAD_SAFE -pthread'
PTHREAD_LIBS=''
SET_MAKE=''
SFDP=''
SHELL='/bin/sh'
STRIP=''
TWOPI=''
VELVET_G='yes'
VELVET_H='yes'
VERSION='0.1.2'
XERCES_CPPFLAGS='-I/usr/local/include -I/usr/local/include/xercesc'
XERCES_FOUND_FALSE='#'
XERCES_FOUND_TRUE=''
XERCES_LDFLAGS='-L/usr/local/lib '
XERCES_LIBS='-lxerces-c '
XERCES_VERSION=''
ac_ct_CC='gcc'
ac_ct_CXX='g++'
am__fastdepCC_FALSE='#'
am__fastdepCC_TRUE=''
am__fastdepCXX_FALSE='#'
am__fastdepCXX_TRUE=''
am__include='include'
am__isrc=''
am__leading_dot='.'
am__quote=''
am__tar='${AMTAR} chof - "$$tardir"'
am__untar='${AMTAR} xf -'
ax_pthread_config=''
bindir='${exec_prefix}/bin'
build='i386-apple-darwin11.2.0'
build_alias=''
build_cpu='i386'
build_os='darwin11.2.0'
build_vendor='apple'
datadir='${datarootdir}'
datarootdir='${prefix}/share'
docdir='${datarootdir}/doc/${PACKAGE_TARNAME}'
dvidir='${docdir}'
exec_prefix='${prefix}'
host='i386-apple-darwin11.2.0'
host_alias=''
host_cpu='i386'
host_os='darwin11.2.0'
host_vendor='apple'
htmldir='${docdir}'
includedir='${prefix}/include'
infodir='${datarootdir}/info'
install_sh='$(SHELL) /Users/uqcskenn/Documents/Projects/crass/install-sh'
libdir='${exec_prefix}/lib'
libexecdir='${exec_prefix}/libexec'
localedir='${datarootdir}/locale'
localstatedir='${prefix}/var'
mandir='${datarootdir}/man'
mkdir_p='$(top_builddir)/./install-sh -c -d'
oldincludedir='/usr/include'
pdfdir='${docdir}'
prefix='/usr/local'
program_transform_name='s,x,x,'
psdir='${docdir}'
sbindir='${exec_prefix}/sbin'
sharedstatedir='${prefix}/com'
sysconfdir='${prefix}/etc'
target_alias=''

## ----------- ##
## confdefs.h. ##
## ----------- ##

#define PACKAGE_NAME "crass"
#define PACKAGE_TARNAME "crass"
#define PACKAGE_VERSION "0.1.2"
#define PACKAGE_STRING "crass 0.1.2"
#define PACKAGE_BUGREPORT "c.skennerton@gmail.com"
#define PACKAGE "crass"
#define VERSION "0.1.2"
#define PACKAGE_FULL_NAME "CRisprASSembler"
#define PACKAGE_MAJOR_VERSION 0
#define PACKAGE_MINOR_VERSION 1
#define PACKAGE_REVISION 2
#define DEBUG 1
#define HAVE_PTHREAD_PRIO_INHERIT 1
#define HAVE_PTHREAD 1
#define PERFORM_CRASS_ASSEMBLY 1
#define HAVE_LIBZ 1
#define STDC_HEADERS 1
#define HAVE_SYS_TYPES_H 1
#define HAVE_SYS_STAT_H 1
#define HAVE_STDLIB_H 1
#define HAVE_STRING_H 1
#define HAVE_MEMORY_H 1
#define HAVE_STRINGS_H 1
#define HAVE_INTTYPES_H 1
#define HAVE_STDINT_H 1
#define HAVE_UNISTD_H 1
#define HAVE_FCNTL_H 1
#define HAVE_LIMITS_H 1
#define HAVE_STDLIB_H 1
#define HAVE_STRING_H 1
#define HAVE_UNISTD_H 1
#define HAVE_GETOPT_H 1
#define HAVE__BOOL 1
#define HAVE_STDBOOL_H 1
#define HAVE_STDLIB_H 1
#define HAVE_MALLOC 1
#define HAVE_STDLIB_H 1
#define HAVE_REALLOC 1
#define HAVE_MEMSET 1
#define HAVE_POW 1
#define HAVE_STRCHR 1
#define HAVE_STRSPN 1
#define HAVE_CAP3 1
#define HAVE_VELVET 1

configure: exit 0
